<?xml version="1.0" encoding="UTF-8"?>
<testsuite xmlns:xsi="http://www.w3.org/2001/XMLSchema-instance" xsi:noNamespaceSchemaLocation="https://maven.apache.org/surefire/maven-surefire-plugin/xsd/surefire-test-report-3.0.xsd" version="3.0" name="es.ies.puerto.services.MarvelServiceTest" time="0.778" tests="8" errors="0" skipped="0" failures="0">
  <properties>
    <property name="sun.desktop" value="gnome"/>
    <property name="awt.toolkit" value="sun.awt.X11.XToolkit"/>
    <property name="java.specification.version" value="11"/>
    <property name="sun.cpu.isalist" value=""/>
    <property name="sun.jnu.encoding" value="UTF-8"/>
    <property name="java.class.path" value="/home/jonaykb/Repositorios/pro/red/marvel REST/target/test-classes:/home/jonaykb/Repositorios/pro/red/marvel REST/target/classes:/home/jonaykb/.m2/repository/org/apache/cxf/cxf-rt-frontend-jaxrs/3.4.10/cxf-rt-frontend-jaxrs-3.4.10.jar:/home/jonaykb/.m2/repository/org/apache/cxf/cxf-core/3.4.10/cxf-core-3.4.10.jar:/home/jonaykb/.m2/repository/org/apache/ws/xmlschema/xmlschema-core/2.2.5/xmlschema-core-2.2.5.jar:/home/jonaykb/.m2/repository/jakarta/xml/bind/jakarta.xml.bind-api/2.3.3/jakarta.xml.bind-api-2.3.3.jar:/home/jonaykb/.m2/repository/jakarta/ws/rs/jakarta.ws.rs-api/2.1.6/jakarta.ws.rs-api-2.1.6.jar:/home/jonaykb/.m2/repository/jakarta/annotation/jakarta.annotation-api/1.3.5/jakarta.annotation-api-1.3.5.jar:/home/jonaykb/.m2/repository/org/apache/cxf/cxf-rt-transports-http/3.4.10/cxf-rt-transports-http-3.4.10.jar:/home/jonaykb/.m2/repository/org/apache/cxf/cxf-rt-security/3.4.10/cxf-rt-security-3.4.10.jar:/home/jonaykb/.m2/repository/jakarta/xml/ws/jakarta.xml.ws-api/2.3.3/jakarta.xml.ws-api-2.3.3.jar:/home/jonaykb/.m2/repository/jakarta/jws/jakarta.jws-api/2.1.0/jakarta.jws-api-2.1.0.jar:/home/jonaykb/.m2/repository/jakarta/xml/soap/jakarta.xml.soap-api/1.4.2/jakarta.xml.soap-api-1.4.2.jar:/home/jonaykb/.m2/repository/jakarta/activation/jakarta.activation-api/1.2.2/jakarta.activation-api-1.2.2.jar:/home/jonaykb/.m2/repository/com/sun/activation/jakarta.activation/1.2.2/jakarta.activation-1.2.2.jar:/home/jonaykb/.m2/repository/com/sun/xml/messaging/saaj/saaj-impl/1.5.3/saaj-impl-1.5.3.jar:/home/jonaykb/.m2/repository/org/jvnet/staxex/stax-ex/1.8.3/stax-ex-1.8.3.jar:/home/jonaykb/.m2/repository/org/apache/geronimo/specs/geronimo-jta_1.1_spec/1.1.1/geronimo-jta_1.1_spec-1.1.1.jar:/home/jonaykb/.m2/repository/org/springframework/spring-context/5.3.20/spring-context-5.3.20.jar:/home/jonaykb/.m2/repository/org/springframework/spring-aop/5.3.20/spring-aop-5.3.20.jar:/home/jonaykb/.m2/repository/org/springframework/spring-beans/5.3.20/spring-beans-5.3.20.jar:/home/jonaykb/.m2/repository/org/springframework/spring-core/5.3.20/spring-core-5.3.20.jar:/home/jonaykb/.m2/repository/org/springframework/spring-jcl/5.3.20/spring-jcl-5.3.20.jar:/home/jonaykb/.m2/repository/org/springframework/spring-expression/5.3.20/spring-expression-5.3.20.jar:/home/jonaykb/.m2/repository/org/springframework/spring-web/5.3.20/spring-web-5.3.20.jar:/home/jonaykb/.m2/repository/javax/servlet/servlet-api/2.5/servlet-api-2.5.jar:/home/jonaykb/.m2/repository/com/fasterxml/jackson/jaxrs/jackson-jaxrs-json-provider/2.13.2/jackson-jaxrs-json-provider-2.13.2.jar:/home/jonaykb/.m2/repository/com/fasterxml/jackson/jaxrs/jackson-jaxrs-base/2.13.2/jackson-jaxrs-base-2.13.2.jar:/home/jonaykb/.m2/repository/com/fasterxml/jackson/core/jackson-core/2.13.2/jackson-core-2.13.2.jar:/home/jonaykb/.m2/repository/com/fasterxml/jackson/core/jackson-databind/2.13.2/jackson-databind-2.13.2.jar:/home/jonaykb/.m2/repository/com/fasterxml/jackson/module/jackson-module-jaxb-annotations/2.13.2/jackson-module-jaxb-annotations-2.13.2.jar:/home/jonaykb/.m2/repository/com/fasterxml/jackson/core/jackson-annotations/2.13.2/jackson-annotations-2.13.2.jar:/home/jonaykb/.m2/repository/com/fasterxml/jackson/jaxrs/jackson-jaxrs-xml-provider/2.13.2/jackson-jaxrs-xml-provider-2.13.2.jar:/home/jonaykb/.m2/repository/com/fasterxml/jackson/dataformat/jackson-dataformat-xml/2.13.2/jackson-dataformat-xml-2.13.2.jar:/home/jonaykb/.m2/repository/org/codehaus/woodstox/stax2-api/4.2/stax2-api-4.2.jar:/home/jonaykb/.m2/repository/com/fasterxml/woodstox/woodstox-core/6.2.4/woodstox-core-6.2.4.jar:/home/jonaykb/.m2/repository/org/mapstruct/mapstruct/1.5.5.Final/mapstruct-1.5.5.Final.jar:/home/jonaykb/.m2/repository/org/hibernate/hibernate-core/5.4.24.Final/hibernate-core-5.4.24.Final.jar:/home/jonaykb/.m2/repository/org/jboss/logging/jboss-logging/3.4.1.Final/jboss-logging-3.4.1.Final.jar:/home/jonaykb/.m2/repository/javax/persistence/javax.persistence-api/2.2/javax.persistence-api-2.2.jar:/home/jonaykb/.m2/repository/org/javassist/javassist/3.27.0-GA/javassist-3.27.0-GA.jar:/home/jonaykb/.m2/repository/net/bytebuddy/byte-buddy/1.10.17/byte-buddy-1.10.17.jar:/home/jonaykb/.m2/repository/antlr/antlr/2.7.7/antlr-2.7.7.jar:/home/jonaykb/.m2/repository/org/jboss/spec/javax/transaction/jboss-transaction-api_1.2_spec/1.1.1.Final/jboss-transaction-api_1.2_spec-1.1.1.Final.jar:/home/jonaykb/.m2/repository/org/jboss/jandex/2.1.3.Final/jandex-2.1.3.Final.jar:/home/jonaykb/.m2/repository/com/fasterxml/classmate/1.5.1/classmate-1.5.1.jar:/home/jonaykb/.m2/repository/javax/activation/javax.activation-api/1.2.0/javax.activation-api-1.2.0.jar:/home/jonaykb/.m2/repository/org/dom4j/dom4j/2.1.3/dom4j-2.1.3.jar:/home/jonaykb/.m2/repository/org/hibernate/common/hibernate-commons-annotations/5.1.2.Final/hibernate-commons-annotations-5.1.2.Final.jar:/home/jonaykb/.m2/repository/javax/xml/bind/jaxb-api/2.3.1/jaxb-api-2.3.1.jar:/home/jonaykb/.m2/repository/org/glassfish/jaxb/jaxb-runtime/2.3.1/jaxb-runtime-2.3.1.jar:/home/jonaykb/.m2/repository/org/glassfish/jaxb/txw2/2.3.1/txw2-2.3.1.jar:/home/jonaykb/.m2/repository/com/sun/istack/istack-commons-runtime/3.0.7/istack-commons-runtime-3.0.7.jar:/home/jonaykb/.m2/repository/com/sun/xml/fastinfoset/FastInfoset/1.2.15/FastInfoset-1.2.15.jar:/home/jonaykb/.m2/repository/org/xerial/sqlite-jdbc/3.32.3/sqlite-jdbc-3.32.3.jar:/home/jonaykb/.m2/repository/org/apache/logging/log4j/log4j-api/2.17.1/log4j-api-2.17.1.jar:/home/jonaykb/.m2/repository/org/apache/logging/log4j/log4j-core/2.17.1/log4j-core-2.17.1.jar:/home/jonaykb/.m2/repository/org/junit/jupiter/junit-jupiter-api/5.6.0/junit-jupiter-api-5.6.0.jar:/home/jonaykb/.m2/repository/org/apiguardian/apiguardian-api/1.1.0/apiguardian-api-1.1.0.jar:/home/jonaykb/.m2/repository/org/opentest4j/opentest4j/1.2.0/opentest4j-1.2.0.jar:/home/jonaykb/.m2/repository/org/junit/platform/junit-platform-commons/1.6.0/junit-platform-commons-1.6.0.jar:/home/jonaykb/.m2/repository/org/mockito/mockito-core/2.21.0/mockito-core-2.21.0.jar:/home/jonaykb/.m2/repository/net/bytebuddy/byte-buddy-agent/1.8.15/byte-buddy-agent-1.8.15.jar:/home/jonaykb/.m2/repository/org/objenesis/objenesis/2.6/objenesis-2.6.jar:/home/jonaykb/.m2/repository/org/mockito/mockito-junit-jupiter/2.21.0/mockito-junit-jupiter-2.21.0.jar:/home/jonaykb/.m2/repository/org/junit/jupiter/junit-jupiter-engine/5.6.0/junit-jupiter-engine-5.6.0.jar:/home/jonaykb/.m2/repository/org/junit/platform/junit-platform-engine/1.6.0/junit-platform-engine-1.6.0.jar:"/>
    <property name="java.vm.vendor" value="Ubuntu"/>
    <property name="sun.arch.data.model" value="64"/>
    <property name="java.vendor.url" value="https://ubuntu.com/"/>
    <property name="user.timezone" value=""/>
    <property name="java.vm.specification.version" value="11"/>
    <property name="os.name" value="Linux"/>
    <property name="sun.java.launcher" value="SUN_STANDARD"/>
    <property name="user.country" value="ES"/>
    <property name="sun.boot.library.path" value="/usr/lib/jvm/java-11-openjdk-amd64/lib"/>
    <property name="sun.java.command" value="/home/jonaykb/Repositorios/pro/red/marvel REST/target/surefire/surefirebooter17672921572351107162.jar /home/jonaykb/Repositorios/pro/red/marvel REST/target/surefire 2024-05-23T21-08-21_431-jvmRun1 surefire10549570552188237153tmp surefire_016662817646421685333tmp"/>
    <property name="jdk.debug" value="release"/>
    <property name="surefire.test.class.path" value="/home/jonaykb/Repositorios/pro/red/marvel REST/target/test-classes:/home/jonaykb/Repositorios/pro/red/marvel REST/target/classes:/home/jonaykb/.m2/repository/org/apache/cxf/cxf-rt-frontend-jaxrs/3.4.10/cxf-rt-frontend-jaxrs-3.4.10.jar:/home/jonaykb/.m2/repository/org/apache/cxf/cxf-core/3.4.10/cxf-core-3.4.10.jar:/home/jonaykb/.m2/repository/org/apache/ws/xmlschema/xmlschema-core/2.2.5/xmlschema-core-2.2.5.jar:/home/jonaykb/.m2/repository/jakarta/xml/bind/jakarta.xml.bind-api/2.3.3/jakarta.xml.bind-api-2.3.3.jar:/home/jonaykb/.m2/repository/jakarta/ws/rs/jakarta.ws.rs-api/2.1.6/jakarta.ws.rs-api-2.1.6.jar:/home/jonaykb/.m2/repository/jakarta/annotation/jakarta.annotation-api/1.3.5/jakarta.annotation-api-1.3.5.jar:/home/jonaykb/.m2/repository/org/apache/cxf/cxf-rt-transports-http/3.4.10/cxf-rt-transports-http-3.4.10.jar:/home/jonaykb/.m2/repository/org/apache/cxf/cxf-rt-security/3.4.10/cxf-rt-security-3.4.10.jar:/home/jonaykb/.m2/repository/jakarta/xml/ws/jakarta.xml.ws-api/2.3.3/jakarta.xml.ws-api-2.3.3.jar:/home/jonaykb/.m2/repository/jakarta/jws/jakarta.jws-api/2.1.0/jakarta.jws-api-2.1.0.jar:/home/jonaykb/.m2/repository/jakarta/xml/soap/jakarta.xml.soap-api/1.4.2/jakarta.xml.soap-api-1.4.2.jar:/home/jonaykb/.m2/repository/jakarta/activation/jakarta.activation-api/1.2.2/jakarta.activation-api-1.2.2.jar:/home/jonaykb/.m2/repository/com/sun/activation/jakarta.activation/1.2.2/jakarta.activation-1.2.2.jar:/home/jonaykb/.m2/repository/com/sun/xml/messaging/saaj/saaj-impl/1.5.3/saaj-impl-1.5.3.jar:/home/jonaykb/.m2/repository/org/jvnet/staxex/stax-ex/1.8.3/stax-ex-1.8.3.jar:/home/jonaykb/.m2/repository/org/apache/geronimo/specs/geronimo-jta_1.1_spec/1.1.1/geronimo-jta_1.1_spec-1.1.1.jar:/home/jonaykb/.m2/repository/org/springframework/spring-context/5.3.20/spring-context-5.3.20.jar:/home/jonaykb/.m2/repository/org/springframework/spring-aop/5.3.20/spring-aop-5.3.20.jar:/home/jonaykb/.m2/repository/org/springframework/spring-beans/5.3.20/spring-beans-5.3.20.jar:/home/jonaykb/.m2/repository/org/springframework/spring-core/5.3.20/spring-core-5.3.20.jar:/home/jonaykb/.m2/repository/org/springframework/spring-jcl/5.3.20/spring-jcl-5.3.20.jar:/home/jonaykb/.m2/repository/org/springframework/spring-expression/5.3.20/spring-expression-5.3.20.jar:/home/jonaykb/.m2/repository/org/springframework/spring-web/5.3.20/spring-web-5.3.20.jar:/home/jonaykb/.m2/repository/javax/servlet/servlet-api/2.5/servlet-api-2.5.jar:/home/jonaykb/.m2/repository/com/fasterxml/jackson/jaxrs/jackson-jaxrs-json-provider/2.13.2/jackson-jaxrs-json-provider-2.13.2.jar:/home/jonaykb/.m2/repository/com/fasterxml/jackson/jaxrs/jackson-jaxrs-base/2.13.2/jackson-jaxrs-base-2.13.2.jar:/home/jonaykb/.m2/repository/com/fasterxml/jackson/core/jackson-core/2.13.2/jackson-core-2.13.2.jar:/home/jonaykb/.m2/repository/com/fasterxml/jackson/core/jackson-databind/2.13.2/jackson-databind-2.13.2.jar:/home/jonaykb/.m2/repository/com/fasterxml/jackson/module/jackson-module-jaxb-annotations/2.13.2/jackson-module-jaxb-annotations-2.13.2.jar:/home/jonaykb/.m2/repository/com/fasterxml/jackson/core/jackson-annotations/2.13.2/jackson-annotations-2.13.2.jar:/home/jonaykb/.m2/repository/com/fasterxml/jackson/jaxrs/jackson-jaxrs-xml-provider/2.13.2/jackson-jaxrs-xml-provider-2.13.2.jar:/home/jonaykb/.m2/repository/com/fasterxml/jackson/dataformat/jackson-dataformat-xml/2.13.2/jackson-dataformat-xml-2.13.2.jar:/home/jonaykb/.m2/repository/org/codehaus/woodstox/stax2-api/4.2/stax2-api-4.2.jar:/home/jonaykb/.m2/repository/com/fasterxml/woodstox/woodstox-core/6.2.4/woodstox-core-6.2.4.jar:/home/jonaykb/.m2/repository/org/mapstruct/mapstruct/1.5.5.Final/mapstruct-1.5.5.Final.jar:/home/jonaykb/.m2/repository/org/hibernate/hibernate-core/5.4.24.Final/hibernate-core-5.4.24.Final.jar:/home/jonaykb/.m2/repository/org/jboss/logging/jboss-logging/3.4.1.Final/jboss-logging-3.4.1.Final.jar:/home/jonaykb/.m2/repository/javax/persistence/javax.persistence-api/2.2/javax.persistence-api-2.2.jar:/home/jonaykb/.m2/repository/org/javassist/javassist/3.27.0-GA/javassist-3.27.0-GA.jar:/home/jonaykb/.m2/repository/net/bytebuddy/byte-buddy/1.10.17/byte-buddy-1.10.17.jar:/home/jonaykb/.m2/repository/antlr/antlr/2.7.7/antlr-2.7.7.jar:/home/jonaykb/.m2/repository/org/jboss/spec/javax/transaction/jboss-transaction-api_1.2_spec/1.1.1.Final/jboss-transaction-api_1.2_spec-1.1.1.Final.jar:/home/jonaykb/.m2/repository/org/jboss/jandex/2.1.3.Final/jandex-2.1.3.Final.jar:/home/jonaykb/.m2/repository/com/fasterxml/classmate/1.5.1/classmate-1.5.1.jar:/home/jonaykb/.m2/repository/javax/activation/javax.activation-api/1.2.0/javax.activation-api-1.2.0.jar:/home/jonaykb/.m2/repository/org/dom4j/dom4j/2.1.3/dom4j-2.1.3.jar:/home/jonaykb/.m2/repository/org/hibernate/common/hibernate-commons-annotations/5.1.2.Final/hibernate-commons-annotations-5.1.2.Final.jar:/home/jonaykb/.m2/repository/javax/xml/bind/jaxb-api/2.3.1/jaxb-api-2.3.1.jar:/home/jonaykb/.m2/repository/org/glassfish/jaxb/jaxb-runtime/2.3.1/jaxb-runtime-2.3.1.jar:/home/jonaykb/.m2/repository/org/glassfish/jaxb/txw2/2.3.1/txw2-2.3.1.jar:/home/jonaykb/.m2/repository/com/sun/istack/istack-commons-runtime/3.0.7/istack-commons-runtime-3.0.7.jar:/home/jonaykb/.m2/repository/com/sun/xml/fastinfoset/FastInfoset/1.2.15/FastInfoset-1.2.15.jar:/home/jonaykb/.m2/repository/org/xerial/sqlite-jdbc/3.32.3/sqlite-jdbc-3.32.3.jar:/home/jonaykb/.m2/repository/org/apache/logging/log4j/log4j-api/2.17.1/log4j-api-2.17.1.jar:/home/jonaykb/.m2/repository/org/apache/logging/log4j/log4j-core/2.17.1/log4j-core-2.17.1.jar:/home/jonaykb/.m2/repository/org/junit/jupiter/junit-jupiter-api/5.6.0/junit-jupiter-api-5.6.0.jar:/home/jonaykb/.m2/repository/org/apiguardian/apiguardian-api/1.1.0/apiguardian-api-1.1.0.jar:/home/jonaykb/.m2/repository/org/opentest4j/opentest4j/1.2.0/opentest4j-1.2.0.jar:/home/jonaykb/.m2/repository/org/junit/platform/junit-platform-commons/1.6.0/junit-platform-commons-1.6.0.jar:/home/jonaykb/.m2/repository/org/mockito/mockito-core/2.21.0/mockito-core-2.21.0.jar:/home/jonaykb/.m2/repository/net/bytebuddy/byte-buddy-agent/1.8.15/byte-buddy-agent-1.8.15.jar:/home/jonaykb/.m2/repository/org/objenesis/objenesis/2.6/objenesis-2.6.jar:/home/jonaykb/.m2/repository/org/mockito/mockito-junit-jupiter/2.21.0/mockito-junit-jupiter-2.21.0.jar:/home/jonaykb/.m2/repository/org/junit/jupiter/junit-jupiter-engine/5.6.0/junit-jupiter-engine-5.6.0.jar:/home/jonaykb/.m2/repository/org/junit/platform/junit-platform-engine/1.6.0/junit-platform-engine-1.6.0.jar:"/>
    <property name="sun.cpu.endian" value="little"/>
    <property name="user.home" value="/home/jonaykb"/>
    <property name="user.language" value="es"/>
    <property name="java.specification.vendor" value="Oracle Corporation"/>
    <property name="java.version.date" value="2023-08-24"/>
    <property name="java.home" value="/usr/lib/jvm/java-11-openjdk-amd64"/>
    <property name="file.separator" value="/"/>
    <property name="basedir" value="/home/jonaykb/Repositorios/pro/red/marvel REST"/>
    <property name="java.vm.compressedOopsMode" value="Zero based"/>
    <property name="line.separator" value="&#10;"/>
    <property name="java.specification.name" value="Java Platform API Specification"/>
    <property name="java.vm.specification.vendor" value="Oracle Corporation"/>
    <property name="java.awt.graphicsenv" value="sun.awt.X11GraphicsEnvironment"/>
    <property name="surefire.real.class.path" value="/home/jonaykb/Repositorios/pro/red/marvel REST/target/surefire/surefirebooter17672921572351107162.jar"/>
    <property name="sun.management.compiler" value="HotSpot 64-Bit Tiered Compilers"/>
    <property name="java.runtime.version" value="11.0.20.1+1-post-Ubuntu-0ubuntu122.04"/>
    <property name="user.name" value="jonaykb"/>
    <property name="path.separator" value=":"/>
    <property name="os.version" value="5.15.0-76-generic"/>
    <property name="java.runtime.name" value="OpenJDK Runtime Environment"/>
    <property name="file.encoding" value="UTF-8"/>
    <property name="java.vm.name" value="OpenJDK 64-Bit Server VM"/>
    <property name="localRepository" value="/home/jonaykb/.m2/repository"/>
    <property name="java.vendor.url.bug" value="https://bugs.launchpad.net/ubuntu/+source/openjdk-lts"/>
    <property name="java.io.tmpdir" value="/tmp"/>
    <property name="java.version" value="11.0.20.1"/>
    <property name="user.dir" value="/home/jonaykb/Repositorios/pro/red/marvel REST"/>
    <property name="os.arch" value="amd64"/>
    <property name="java.vm.specification.name" value="Java Virtual Machine Specification"/>
    <property name="java.awt.printerjob" value="sun.print.PSPrinterJob"/>
    <property name="sun.os.patch.level" value="unknown"/>
    <property name="java.library.path" value="/usr/java/packages/lib:/usr/lib/x86_64-linux-gnu/jni:/lib/x86_64-linux-gnu:/usr/lib/x86_64-linux-gnu:/usr/lib/jni:/lib:/usr/lib"/>
    <property name="java.vm.info" value="mixed mode, sharing"/>
    <property name="java.vendor" value="Ubuntu"/>
    <property name="java.vm.version" value="11.0.20.1+1-post-Ubuntu-0ubuntu122.04"/>
    <property name="java.specification.maintenance.version" value="2"/>
    <property name="sun.io.unicode.encoding" value="UnicodeLittle"/>
    <property name="java.class.version" value="55.0"/>
  </properties>
  <testcase name="getPoderByIdTestNotFound" classname="es.ies.puerto.services.MarvelServiceTest" time="0.744"/>
  <testcase name="getpoderByIdTestOk" classname="es.ies.puerto.services.MarvelServiceTest" time="0.002"/>
  <testcase name="getPoderesTestNotFound" classname="es.ies.puerto.services.MarvelServiceTest" time="0.002"/>
  <testcase name="getPersonajesTestOk" classname="es.ies.puerto.services.MarvelServiceTest" time="0.001"/>
  <testcase name="getPersonajesTestNotFound" classname="es.ies.puerto.services.MarvelServiceTest" time="0.001"/>
  <testcase name="getPoderesTestOk" classname="es.ies.puerto.services.MarvelServiceTest" time="0.002"/>
  <testcase name="getPersonajeByIdTestOk" classname="es.ies.puerto.services.MarvelServiceTest" time="0.002"/>
  <testcase name="getPersonajeByIdTestNotFound" classname="es.ies.puerto.services.MarvelServiceTest" time="0.001"/>
</testsuite>