<?xml version="1.0" encoding="UTF-8"?>
<testsuite xmlns:xsi="http://www.w3.org/2001/XMLSchema-instance" xsi:noNamespaceSchemaLocation="https://maven.apache.org/surefire/maven-surefire-plugin/xsd/surefire-test-report.xsd" name="negocio.TiendaTest" time="0.336" tests="24" errors="0" skipped="0" failures="0">
  <properties>
    <property name="sun.desktop" value="gnome"/>
    <property name="awt.toolkit" value="sun.awt.X11.XToolkit"/>
    <property name="java.specification.version" value="11"/>
    <property name="sun.cpu.isalist" value=""/>
    <property name="sun.jnu.encoding" value="UTF-8"/>
    <property name="java.class.path" value="/home/jonaykb/Repositorios/pro/unidad-5/Tareas/ExamenProJonay/target/test-classes:/home/jonaykb/Repositorios/pro/unidad-5/Tareas/ExamenProJonay/target/classes:/home/jonaykb/.m2/repository/org/junit/jupiter/junit-jupiter-api/5.6.0/junit-jupiter-api-5.6.0.jar:/home/jonaykb/.m2/repository/org/apiguardian/apiguardian-api/1.1.0/apiguardian-api-1.1.0.jar:/home/jonaykb/.m2/repository/org/opentest4j/opentest4j/1.2.0/opentest4j-1.2.0.jar:/home/jonaykb/.m2/repository/org/junit/platform/junit-platform-commons/1.6.0/junit-platform-commons-1.6.0.jar:/home/jonaykb/.m2/repository/org/junit/jupiter/junit-jupiter-params/5.6.0/junit-jupiter-params-5.6.0.jar:/home/jonaykb/.m2/repository/org/junit/jupiter/junit-jupiter-engine/5.6.0/junit-jupiter-engine-5.6.0.jar:/home/jonaykb/.m2/repository/org/junit/platform/junit-platform-engine/1.6.0/junit-platform-engine-1.6.0.jar:"/>
    <property name="java.vm.vendor" value="Ubuntu"/>
    <property name="sun.arch.data.model" value="64"/>
    <property name="java.vendor.url" value="https://ubuntu.com/"/>
    <property name="user.timezone" value=""/>
    <property name="java.vm.specification.version" value="11"/>
    <property name="os.name" value="Linux"/>
    <property name="sun.java.launcher" value="SUN_STANDARD"/>
    <property name="user.country" value="ES"/>
    <property name="sun.boot.library.path" value="/usr/lib/jvm/java-11-openjdk-amd64/lib"/>
    <property name="sun.java.command" value="/home/jonaykb/Repositorios/pro/unidad-5/Tareas/ExamenProJonay/target/surefire/surefirebooter17115066255903164568.jar /home/jonaykb/Repositorios/pro/unidad-5/Tareas/ExamenProJonay/target/surefire 2024-02-26T16-19-23_462-jvmRun1 surefire2628951194078972173tmp surefire_015939715919870193023tmp"/>
    <property name="jdk.debug" value="release"/>
    <property name="surefire.test.class.path" value="/home/jonaykb/Repositorios/pro/unidad-5/Tareas/ExamenProJonay/target/test-classes:/home/jonaykb/Repositorios/pro/unidad-5/Tareas/ExamenProJonay/target/classes:/home/jonaykb/.m2/repository/org/junit/jupiter/junit-jupiter-api/5.6.0/junit-jupiter-api-5.6.0.jar:/home/jonaykb/.m2/repository/org/apiguardian/apiguardian-api/1.1.0/apiguardian-api-1.1.0.jar:/home/jonaykb/.m2/repository/org/opentest4j/opentest4j/1.2.0/opentest4j-1.2.0.jar:/home/jonaykb/.m2/repository/org/junit/platform/junit-platform-commons/1.6.0/junit-platform-commons-1.6.0.jar:/home/jonaykb/.m2/repository/org/junit/jupiter/junit-jupiter-params/5.6.0/junit-jupiter-params-5.6.0.jar:/home/jonaykb/.m2/repository/org/junit/jupiter/junit-jupiter-engine/5.6.0/junit-jupiter-engine-5.6.0.jar:/home/jonaykb/.m2/repository/org/junit/platform/junit-platform-engine/1.6.0/junit-platform-engine-1.6.0.jar:"/>
    <property name="sun.cpu.endian" value="little"/>
    <property name="user.home" value="/home/jonaykb"/>
    <property name="user.language" value="es"/>
    <property name="java.specification.vendor" value="Oracle Corporation"/>
    <property name="java.version.date" value="2023-08-24"/>
    <property name="java.home" value="/usr/lib/jvm/java-11-openjdk-amd64"/>
    <property name="file.separator" value="/"/>
    <property name="basedir" value="/home/jonaykb/Repositorios/pro/unidad-5/Tareas/ExamenProJonay"/>
    <property name="java.vm.compressedOopsMode" value="32-bit"/>
    <property name="line.separator" value="&#10;"/>
    <property name="java.specification.name" value="Java Platform API Specification"/>
    <property name="java.vm.specification.vendor" value="Oracle Corporation"/>
    <property name="java.awt.graphicsenv" value="sun.awt.X11GraphicsEnvironment"/>
    <property name="surefire.real.class.path" value="/home/jonaykb/Repositorios/pro/unidad-5/Tareas/ExamenProJonay/target/surefire/surefirebooter17115066255903164568.jar"/>
    <property name="sun.management.compiler" value="HotSpot 64-Bit Tiered Compilers"/>
    <property name="java.runtime.version" value="11.0.20.1+1-post-Ubuntu-0ubuntu122.04"/>
    <property name="user.name" value="jonaykb"/>
    <property name="path.separator" value=":"/>
    <property name="os.version" value="5.15.0-76-generic"/>
    <property name="java.runtime.name" value="OpenJDK Runtime Environment"/>
    <property name="file.encoding" value="UTF-8"/>
    <property name="java.vm.name" value="OpenJDK 64-Bit Server VM"/>
    <property name="localRepository" value="/home/jonaykb/.m2/repository"/>
    <property name="java.vendor.url.bug" value="https://bugs.launchpad.net/ubuntu/+source/openjdk-lts"/>
    <property name="java.io.tmpdir" value="/tmp"/>
    <property name="java.version" value="11.0.20.1"/>
    <property name="user.dir" value="/home/jonaykb/Repositorios/pro/unidad-5/Tareas/ExamenProJonay"/>
    <property name="os.arch" value="amd64"/>
    <property name="java.vm.specification.name" value="Java Virtual Machine Specification"/>
    <property name="java.awt.printerjob" value="sun.print.PSPrinterJob"/>
    <property name="sun.os.patch.level" value="unknown"/>
    <property name="java.library.path" value="/usr/java/packages/lib:/usr/lib/x86_64-linux-gnu/jni:/lib/x86_64-linux-gnu:/usr/lib/x86_64-linux-gnu:/usr/lib/jni:/lib:/usr/lib"/>
    <property name="java.vm.info" value="mixed mode, sharing"/>
    <property name="java.vendor" value="Ubuntu"/>
    <property name="java.vm.version" value="11.0.20.1+1-post-Ubuntu-0ubuntu122.04"/>
    <property name="java.specification.maintenance.version" value="2"/>
    <property name="sun.io.unicode.encoding" value="UnicodeLittle"/>
    <property name="java.class.version" value="55.0"/>
  </properties>
  <testcase name="eliminarCuidadoPersonalTest" classname="negocio.TiendaTest" time="0.148"/>
  <testcase name="eliminarAlimentoTest" classname="negocio.TiendaTest" time="0.006"/>
  <testcase name="cantidadAparatosTest" classname="negocio.TiendaTest" time="0.011"/>
  <testcase name="precioCuidadosPersonalesTest" classname="negocio.TiendaTest" time="0.006"/>
  <testcase name="ganaciaSouvenirsTest" classname="negocio.TiendaTest" time="0.012"/>
  <testcase name="gananciaAlimentosTest" classname="negocio.TiendaTest" time="0.008"/>
  <testcase name="eliminarAparatoTest" classname="negocio.TiendaTest" time="0.005"/>
  <testcase name="ganaciaAparatosTest" classname="negocio.TiendaTest" time="0.005"/>
  <testcase name="productosRecomendadosTest" classname="negocio.TiendaTest" time="0.017"/>
  <testcase name="cantidadCuidadoPersonalesTest" classname="negocio.TiendaTest" time="0.005"/>
  <testcase name="agregarCuidadoPersonalTest" classname="negocio.TiendaTest" time="0.005"/>
  <testcase name="precioProductosTest" classname="negocio.TiendaTest" time="0.004"/>
  <testcase name="comprobarConstructorCompletoTest" classname="negocio.TiendaTest" time="0.016"/>
  <testcase name="precioAlimentosTest" classname="negocio.TiendaTest" time="0.004"/>
  <testcase name="cantidadProductosTest" classname="negocio.TiendaTest" time="0.004"/>
  <testcase name="eliminarSouvenirsTest" classname="negocio.TiendaTest" time="0.006"/>
  <testcase name="cantidadAlimentosTest" classname="negocio.TiendaTest" time="0.004"/>
  <testcase name="agregarSouvenirTest" classname="negocio.TiendaTest" time="0.004"/>
  <testcase name="venderAlimentoTestTrue" classname="negocio.TiendaTest" time="0.004"/>
  <testcase name="ganaciaProductosTest" classname="negocio.TiendaTest" time="0.004"/>
  <testcase name="agregarAparatoTest" classname="negocio.TiendaTest" time="0.005"/>
  <testcase name="agregarAlimentoTest" classname="negocio.TiendaTest" time="0.004"/>
  <testcase name="cantidadSouvenirsTest" classname="negocio.TiendaTest" time="0.004"/>
  <testcase name="precioAparatosTest" classname="negocio.TiendaTest" time="0.009"/>
</testsuite>